Command line invocation:
    /Volumes/MacAPPs/Applications/Xcode.app/Contents/Developer/usr/bin/xcodebuild -project OVEREND.xcodeproj -scheme OVEREND -destination platform=macOS,arch=arm64 build

ComputePackagePrebuildTargetDependencyGraph

Prepare packages

CreateBuildRequest

SendProjectDescription

CreateBuildOperation

ComputeTargetDependencyGraph
note: Building targets in dependency order
note: Target dependency graph (1 target)
    Target 'OVEREND' in project 'OVEREND' (no dependencies)

GatherProvisioningInputs

CreateBuildDescription

ExecuteExternalTool /Volumes/MacAPPs/Applications/Xcode.app/Contents/Developer/Toolchains/XcodeDefault.xctoolchain/usr/bin/clang -v -E -dM -isysroot /Volumes/MacAPPs/Applications/Xcode.app/Contents/Developer/Platforms/MacOSX.platform/Developer/SDKs/MacOSX26.2.sdk -x c -c /dev/null

ExecuteExternalTool /Volumes/MacAPPs/Applications/Xcode.app/Contents/Developer/usr/bin/actool --version --output-format xml1

ExecuteExternalTool /Volumes/MacAPPs/Applications/Xcode.app/Contents/Developer/Toolchains/XcodeDefault.xctoolchain/usr/bin/swiftc --version

ExecuteExternalTool /Volumes/MacAPPs/Applications/Xcode.app/Contents/Developer/Toolchains/XcodeDefault.xctoolchain/usr/bin/ld -version_details

Build description signature: 1369805f41358841fccfd6bd4dad4317
Build description path: /Users/lawliet/Library/Developer/Xcode/DerivedData/OVEREND-cndwckokhthjmcbkmovocplyeztc/Build/Intermediates.noindex/XCBuildData/1369805f41358841fccfd6bd4dad4317.xcbuilddata
ClangStatCache /Volumes/MacAPPs/Applications/Xcode.app/Contents/Developer/Toolchains/XcodeDefault.xctoolchain/usr/bin/clang-stat-cache /Volumes/MacAPPs/Applications/Xcode.app/Contents/Developer/Platforms/MacOSX.platform/Developer/SDKs/MacOSX26.2.sdk /Users/lawliet/Library/Developer/Xcode/DerivedData/SDKStatCaches.noindex/macosx26.2-25C57-830dddbfbccebdd7c0a1e2a9282ec48d.sdkstatcache
    cd /Users/lawliet/OVEREND/OVEREND.xcodeproj
    /Volumes/MacAPPs/Applications/Xcode.app/Contents/Developer/Toolchains/XcodeDefault.xctoolchain/usr/bin/clang-stat-cache /Volumes/MacAPPs/Applications/Xcode.app/Contents/Developer/Platforms/MacOSX.platform/Developer/SDKs/MacOSX26.2.sdk -o /Users/lawliet/Library/Developer/Xcode/DerivedData/SDKStatCaches.noindex/macosx26.2-25C57-830dddbfbccebdd7c0a1e2a9282ec48d.sdkstatcache

WriteAuxiliaryFile /Users/lawliet/Library/Developer/Xcode/DerivedData/OVEREND-cndwckokhthjmcbkmovocplyeztc/Build/Intermediates.noindex/OVEREND.build/Debug/OVEREND.build/Objects-normal/arm64/OVEREND.SwiftConstValuesFileList (in target 'OVEREND' from project 'OVEREND')
    cd /Users/lawliet/OVEREND
    write-file /Users/lawliet/Library/Developer/Xcode/DerivedData/OVEREND-cndwckokhthjmcbkmovocplyeztc/Build/Intermediates.noindex/OVEREND.build/Debug/OVEREND.build/Objects-normal/arm64/OVEREND.SwiftConstValuesFileList

WriteAuxiliaryFile /Users/lawliet/Library/Developer/Xcode/DerivedData/OVEREND-cndwckokhthjmcbkmovocplyeztc/Build/Intermediates.noindex/OVEREND.build/Debug/OVEREND.build/Objects-normal/arm64/OVEREND.LinkFileList (in target 'OVEREND' from project 'OVEREND')
    cd /Users/lawliet/OVEREND
    write-file /Users/lawliet/Library/Developer/Xcode/DerivedData/OVEREND-cndwckokhthjmcbkmovocplyeztc/Build/Intermediates.noindex/OVEREND.build/Debug/OVEREND.build/Objects-normal/arm64/OVEREND.LinkFileList

WriteAuxiliaryFile /Users/lawliet/Library/Developer/Xcode/DerivedData/OVEREND-cndwckokhthjmcbkmovocplyeztc/Build/Intermediates.noindex/OVEREND.build/Debug/OVEREND.build/Objects-normal/arm64/OVEREND.SwiftFileList (in target 'OVEREND' from project 'OVEREND')
    cd /Users/lawliet/OVEREND
    write-file /Users/lawliet/Library/Developer/Xcode/DerivedData/OVEREND-cndwckokhthjmcbkmovocplyeztc/Build/Intermediates.noindex/OVEREND.build/Debug/OVEREND.build/Objects-normal/arm64/OVEREND.SwiftFileList

WriteAuxiliaryFile /Users/lawliet/Library/Developer/Xcode/DerivedData/OVEREND-cndwckokhthjmcbkmovocplyeztc/Build/Intermediates.noindex/OVEREND.build/Debug/OVEREND.build/Objects-normal/arm64/OVEREND-OutputFileMap.json (in target 'OVEREND' from project 'OVEREND')
    cd /Users/lawliet/OVEREND
    write-file /Users/lawliet/Library/Developer/Xcode/DerivedData/OVEREND-cndwckokhthjmcbkmovocplyeztc/Build/Intermediates.noindex/OVEREND.build/Debug/OVEREND.build/Objects-normal/arm64/OVEREND-OutputFileMap.json

ProcessProductPackaging /Users/lawliet/OVEREND/OVEREND/OVEREND.entitlements /Users/lawliet/Library/Developer/Xcode/DerivedData/OVEREND-cndwckokhthjmcbkmovocplyeztc/Build/Intermediates.noindex/OVEREND.build/Debug/OVEREND.build/OVEREND.app.xcent (in target 'OVEREND' from project 'OVEREND')
    cd /Users/lawliet/OVEREND
    
    Entitlements:
    
    {
    "com.apple.security.app-sandbox" = 1;
    "com.apple.security.assets.pictures.read-write" = 1;
    "com.apple.security.automation.apple-events" = 1;
    "com.apple.security.files.downloads.read-write" = 1;
    "com.apple.security.files.user-selected.read-write" = 1;
    "com.apple.security.get-task-allow" = 1;
    "com.apple.security.network.client" = 1;
}
    
    builtin-productPackagingUtility /Users/lawliet/OVEREND/OVEREND/OVEREND.entitlements -entitlements -format xml -o /Users/lawliet/Library/Developer/Xcode/DerivedData/OVEREND-cndwckokhthjmcbkmovocplyeztc/Build/Intermediates.noindex/OVEREND.build/Debug/OVEREND.build/OVEREND.app.xcent

ProcessProductPackagingDER /Users/lawliet/Library/Developer/Xcode/DerivedData/OVEREND-cndwckokhthjmcbkmovocplyeztc/Build/Intermediates.noindex/OVEREND.build/Debug/OVEREND.build/OVEREND.app.xcent /Users/lawliet/Library/Developer/Xcode/DerivedData/OVEREND-cndwckokhthjmcbkmovocplyeztc/Build/Intermediates.noindex/OVEREND.build/Debug/OVEREND.build/OVEREND.app.xcent.der (in target 'OVEREND' from project 'OVEREND')
    cd /Users/lawliet/OVEREND
    /usr/bin/derq query -f xml -i /Users/lawliet/Library/Developer/Xcode/DerivedData/OVEREND-cndwckokhthjmcbkmovocplyeztc/Build/Intermediates.noindex/OVEREND.build/Debug/OVEREND.build/OVEREND.app.xcent -o /Users/lawliet/Library/Developer/Xcode/DerivedData/OVEREND-cndwckokhthjmcbkmovocplyeztc/Build/Intermediates.noindex/OVEREND.build/Debug/OVEREND.build/OVEREND.app.xcent.der --raw

SwiftDriver OVEREND normal arm64 com.apple.xcode.tools.swift.compiler (in target 'OVEREND' from project 'OVEREND')
    cd /Users/lawliet/OVEREND
    builtin-SwiftDriver -- /Volumes/MacAPPs/Applications/Xcode.app/Contents/Developer/Toolchains/XcodeDefault.xctoolchain/usr/bin/swiftc -module-name OVEREND -Onone -enforce-exclusivity\=checked @/Users/lawliet/Library/Developer/Xcode/DerivedData/OVEREND-cndwckokhthjmcbkmovocplyeztc/Build/Intermediates.noindex/OVEREND.build/Debug/OVEREND.build/Objects-normal/arm64/OVEREND.SwiftFileList -DDEBUG -default-isolation\=MainActor -enable-bare-slash-regex -enable-upcoming-feature DisableOutwardActorInference -enable-upcoming-feature InferSendableFromCaptures -enable-upcoming-feature GlobalActorIsolatedTypesUsability -enable-upcoming-feature MemberImportVisibility -enable-upcoming-feature InferIsolatedConformances -enable-upcoming-feature NonisolatedNonsendingByDefault -enable-experimental-feature DebugDescriptionMacro -sdk /Volumes/MacAPPs/Applications/Xcode.app/Contents/Developer/Platforms/MacOSX.platform/Developer/SDKs/MacOSX26.2.sdk -target arm64-apple-macos26.1 -g -module-cache-path /Users/lawliet/Library/Developer/Xcode/DerivedData/ModuleCache.noindex -Xfrontend -serialize-debugging-options -profile-coverage-mapping -profile-generate -enable-testing -index-store-path /Users/lawliet/Library/Developer/Xcode/DerivedData/OVEREND-cndwckokhthjmcbkmovocplyeztc/Index.noindex/DataStore -Xcc -D_LIBCPP_HARDENING_MODE\=_LIBCPP_HARDENING_MODE_DEBUG -swift-version 5 -I /Users/lawliet/Library/Developer/Xcode/DerivedData/OVEREND-cndwckokhthjmcbkmovocplyeztc/Build/Products/Debug -F /Users/lawliet/Library/Developer/Xcode/DerivedData/OVEREND-cndwckokhthjmcbkmovocplyeztc/Build/Products/Debug -emit-localized-strings -emit-localized-strings-path /Users/lawliet/Library/Developer/Xcode/DerivedData/OVEREND-cndwckokhthjmcbkmovocplyeztc/Build/Intermediates.noindex/OVEREND.build/Debug/OVEREND.build/Objects-normal/arm64 -c -j10 -enable-batch-mode -incremental -Xcc -ivfsstatcache -Xcc /Users/lawliet/Library/Developer/Xcode/DerivedData/SDKStatCaches.noindex/macosx26.2-25C57-830dddbfbccebdd7c0a1e2a9282ec48d.sdkstatcache -output-file-map /Users/lawliet/Library/Developer/Xcode/DerivedData/OVEREND-cndwckokhthjmcbkmovocplyeztc/Build/Intermediates.noindex/OVEREND.build/Debug/OVEREND.build/Objects-normal/arm64/OVEREND-OutputFileMap.json -use-frontend-parseable-output -save-temps -no-color-diagnostics -explicit-module-build -module-cache-path /Users/lawliet/Library/Developer/Xcode/DerivedData/OVEREND-cndwckokhthjmcbkmovocplyeztc/Build/Intermediates.noindex/SwiftExplicitPrecompiledModules -clang-scanner-module-cache-path /Users/lawliet/Library/Developer/Xcode/DerivedData/ModuleCache.noindex -sdk-module-cache-path /Users/lawliet/Library/Developer/Xcode/DerivedData/ModuleCache.noindex -serialize-diagnostics -emit-dependencies -emit-module -emit-module-path /Users/lawliet/Library/Developer/Xcode/DerivedData/OVEREND-cndwckokhthjmcbkmovocplyeztc/Build/Intermediates.noindex/OVEREND.build/Debug/OVEREND.build/Objects-normal/arm64/OVEREND.swiftmodule -validate-clang-modules-once -clang-build-session-file /Users/lawliet/Library/Developer/Xcode/DerivedData/ModuleCache.noindex/Session.modulevalidation -Xcc -I/Users/lawliet/Library/Developer/Xcode/DerivedData/OVEREND-cndwckokhthjmcbkmovocplyeztc/Build/Intermediates.noindex/OVEREND.build/Debug/OVEREND.build/swift-overrides.hmap -emit-const-values -Xfrontend -const-gather-protocols-file -Xfrontend /Users/lawliet/Library/Developer/Xcode/DerivedData/OVEREND-cndwckokhthjmcbkmovocplyeztc/Build/Intermediates.noindex/OVEREND.build/Debug/OVEREND.build/Objects-normal/arm64/OVEREND_const_extract_protocols.json -Xcc -iquote -Xcc /Users/lawliet/Library/Developer/Xcode/DerivedData/OVEREND-cndwckokhthjmcbkmovocplyeztc/Build/Intermediates.noindex/OVEREND.build/Debug/OVEREND.build/OVEREND-generated-files.hmap -Xcc -I/Users/lawliet/Library/Developer/Xcode/DerivedData/OVEREND-cndwckokhthjmcbkmovocplyeztc/Build/Intermediates.noindex/OVEREND.build/Debug/OVEREND.build/OVEREND-own-target-headers.hmap -Xcc -I/Users/lawliet/Library/Developer/Xcode/DerivedData/OVEREND-cndwckokhthjmcbkmovocplyeztc/Build/Intermediates.noindex/OVEREND.build/Debug/OVEREND.build/OVEREND-all-target-headers.hmap -Xcc -iquote -Xcc /Users/lawliet/Library/Developer/Xcode/DerivedData/OVEREND-cndwckokhthjmcbkmovocplyeztc/Build/Intermediates.noindex/OVEREND.build/Debug/OVEREND.build/OVEREND-project-headers.hmap -Xcc -I/Users/lawliet/Library/Developer/Xcode/DerivedData/OVEREND-cndwckokhthjmcbkmovocplyeztc/Build/Products/Debug/include -Xcc -I/Users/lawliet/Library/Developer/Xcode/DerivedData/OVEREND-cndwckokhthjmcbkmovocplyeztc/Build/Intermediates.noindex/OVEREND.build/Debug/OVEREND.build/DerivedSources-normal/arm64 -Xcc -I/Users/lawliet/Library/Developer/Xcode/DerivedData/OVEREND-cndwckokhthjmcbkmovocplyeztc/Build/Intermediates.noindex/OVEREND.build/Debug/OVEREND.build/DerivedSources/arm64 -Xcc -I/Users/lawliet/Library/Developer/Xcode/DerivedData/OVEREND-cndwckokhthjmcbkmovocplyeztc/Build/Intermediates.noindex/OVEREND.build/Debug/OVEREND.build/DerivedSources -Xcc -DDEBUG\=1 -emit-objc-header -emit-objc-header-path /Users/lawliet/Library/Developer/Xcode/DerivedData/OVEREND-cndwckokhthjmcbkmovocplyeztc/Build/Intermediates.noindex/OVEREND.build/Debug/OVEREND.build/Objects-normal/arm64/OVEREND-Swift.h -working-directory /Users/lawliet/OVEREND -experimental-emit-module-separately -disable-cmo

SwiftCompile normal arm64 Compiling\ ModernEntryListView.swift /Users/lawliet/OVEREND/OVEREND/Views/EntryList/ModernEntryListView.swift (in target 'OVEREND' from project 'OVEREND')

SwiftCompile normal arm64 /Users/lawliet/OVEREND/OVEREND/Views/EntryList/ModernEntryListView.swift (in target 'OVEREND' from project 'OVEREND')
    cd /Users/lawliet/OVEREND
    

SwiftCompile normal arm64 Compiling\ DraftsListView.swift /Users/lawliet/OVEREND/OVEREND/Views/Drafts/DraftsListView.swift (in target 'OVEREND' from project 'OVEREND')
Failed frontend command:
/Volumes/MacAPPs/Applications/Xcode.app/Contents/Developer/Toolchains/XcodeDefault.xctoolchain/usr/bin/swift-frontend -frontend -c -filelist /Users/lawliet/Library/Developer/Xcode/DerivedData/OVEREND-cndwckokhthjmcbkmovocplyeztc/Build/Intermediates.noindex/OVEREND.build/Debug/OVEREND.build/Objects-normal/arm64/sources-1 -primary-file /Users/lawliet/OVEREND/OVEREND/Views/Drafts/DraftsListView.swift -emit-dependencies-path /Users/lawliet/Library/Developer/Xcode/DerivedData/OVEREND-cndwckokhthjmcbkmovocplyeztc/Build/Intermediates.noindex/OVEREND.build/Debug/OVEREND.build/Objects-normal/arm64/DraftsListView.d -emit-const-values-path /Users/lawliet/Library/Developer/Xcode/DerivedData/OVEREND-cndwckokhthjmcbkmovocplyeztc/Build/Intermediates.noindex/OVEREND.build/Debug/OVEREND.build/Objects-normal/arm64/DraftsListView.swiftconstvalues -emit-reference-dependencies-path /Users/lawliet/Library/Developer/Xcode/DerivedData/OVEREND-cndwckokhthjmcbkmovocplyeztc/Build/Intermediates.noindex/OVEREND.build/Debug/OVEREND.build/Objects-normal/arm64/DraftsListView.swiftdeps -serialize-diagnostics-path /Users/lawliet/Library/Developer/Xcode/DerivedData/OVEREND-cndwckokhthjmcbkmovocplyeztc/Build/Intermediates.noindex/OVEREND.build/Debug/OVEREND.build/Objects-normal/arm64/DraftsListView.dia -emit-localized-strings -emit-localized-strings-path /Users/lawliet/Library/Developer/Xcode/DerivedData/OVEREND-cndwckokhthjmcbkmovocplyeztc/Build/Intermediates.noindex/OVEREND.build/Debug/OVEREND.build/Objects-normal/arm64 -target arm64-apple-macos26.1 -module-can-import-version AppKit 2685.30.107 2685.30.107 -module-can-import-version DeveloperToolsSupport 23.0.4 23.0.4 -module-can-import-version SwiftUI 7.2.5.1 7.2.5 -module-can-import overend_coreFFI -disable-cross-import-overlay-search -swift-module-cross-import AppIntents /Volumes/MacAPPs/Applications/Xcode.app/Contents/Developer/Platforms/MacOSX.platform/Developer/SDKs/MacOSX.sdk/System/Library/Frameworks/AppIntents.framework/Modules/AppIntents.swiftcrossimport/AppKit.swiftoverlay -swift-module-cross-import AppIntents /Volumes/MacAPPs/Applications/Xcode.app/Contents/Developer/Platforms/MacOSX.platform/Developer/SDKs/MacOSX.sdk/System/Library/Frameworks/AppIntents.framework/Modules/AppIntents.swiftcrossimport/SwiftUI.swiftoverlay -swift-module-cross-import AppIntents /Volumes/MacAPPs/Applications/Xcode.app/Contents/Developer/Platforms/MacOSX.platform/Developer/SDKs/MacOSX.sdk/System/Library/Frameworks/AppIntents.framework/Modules/AppIntents.swiftcrossimport/UIKit.swiftoverlay -swift-module-cross-import AppIntents /Volumes/MacAPPs/Applications/Xcode.app/Contents/Developer/Platforms/MacOSX.platform/Developer/SDKs/MacOSX26.2.sdk/System/Library/Frameworks/AppIntents.framework/Modules/AppIntents.swiftcrossimport/AppKit.swiftoverlay -swift-module-cross-import AppIntents /Volumes/MacAPPs/Applications/Xcode.app/Contents/Developer/Platforms/MacOSX.platform/Developer/SDKs/MacOSX26.2.sdk/System/Library/Frameworks/AppIntents.framework/Modules/AppIntents.swiftcrossimport/SwiftUI.swiftoverlay -swift-module-cross-import AppIntents /Volumes/MacAPPs/Applications/Xcode.app/Contents/Developer/Platforms/MacOSX.platform/Developer/SDKs/MacOSX26.2.sdk/System/Library/Frameworks/AppIntents.framework/Modules/AppIntents.swiftcrossimport/UIKit.swiftoverlay -swift-module-cross-import CoreData /Volumes/MacAPPs/Applications/Xcode.app/Contents/Developer/Platforms/MacOSX.platform/Developer/SDKs/MacOSX.sdk/System/Library/Frameworks/CoreData.framework/Modules/CoreData.swiftcrossimport/CloudKit.swiftoverlay -swift-module-cross-import CoreData /Volumes/MacAPPs/Applications/Xcode.app/Contents/Developer/Platforms/MacOSX.platform/Developer/SDKs/MacOSX26.2.sdk/System/Library/Frameworks/CoreData.framework/Modules/CoreData.swiftcrossimport/CloudKit.swiftoverlay -swift-module-cross-import SwiftData /Volumes/MacAPPs/Applications/Xcode.app/Contents/Developer/Platforms/MacOSX.platform/Developer/SDKs/MacOSX26.2.sdk/System/Library/Frameworks/SwiftData.framework/Modules/SwiftData.swiftcrossimport/CoreData.swiftoverlay -swift-module-cross-import SwiftData /Volumes/MacAPPs/Applications/Xcode.app/Contents/Developer/Platforms/MacOSX.platform/Developer/SDKs/MacOSX26.2.sdk/System/Library/Frameworks/SwiftData.framework/Modules/SwiftData.swiftcrossimport/SwiftUI.swiftoverlay -swift-module-cross-import WebKit /Volumes/MacAPPs/Applications/Xcode.app/Contents/Developer/Platforms/MacOSX.platform/Developer/SDKs/MacOSX.sdk/System/Cryptexes/OS/System/Library/Frameworks/WebKit.framework/Modules/WebKit.swiftcrossimport/SwiftUI.swiftoverlay -swift-module-cross-import WebKit /Volumes/MacAPPs/Applications/Xcode.app/Contents/Developer/Platforms/MacOSX.platform/Developer/SDKs/MacOSX26.2.sdk/System/Library/Frameworks/WebKit.framework/Modules/WebKit.swiftcrossimport/SwiftUI.swiftoverlay -load-resolved-plugin /Volumes/MacAPPs/Applications/Xcode.app/Contents/Developer/Platforms/MacOSX.platform/Developer/usr/lib/swift/host/plugins/libAppIntentsMacros.dylib\#/Volumes/MacAPPs/Applications/Xcode.app/Contents/Developer/Platforms/MacOSX.platform/Developer/usr/bin/swift-plugin-server\#AppIntentsMacros -load-resolved-plugin /Volumes/MacAPPs/Applications/Xcode.app/Contents/Developer/Platforms/MacOSX.platform/Developer/usr/lib/swift/host/plugins/libFoundationMacros.dylib\#/Volumes/MacAPPs/Applications/Xcode.app/Contents/Developer/Platforms/MacOSX.platform/Developer/usr/bin/swift-plugin-server\#FoundationMacros -load-resolved-plugin /Volumes/MacAPPs/Applications/Xcode.app/Contents/Developer/Platforms/MacOSX.platform/Developer/usr/lib/swift/host/plugins/libFoundationModelsMacros.dylib\#/Volumes/MacAPPs/Applications/Xcode.app/Contents/Developer/Platforms/MacOSX.platform/Developer/usr/bin/swift-plugin-server\#FoundationModelsMacros -load-resolved-plugin /Volumes/MacAPPs/Applications/Xcode.app/Contents/Developer/Platforms/MacOSX.platform/Developer/usr/lib/swift/host/plugins/libObservationMacros.dylib\#/Volumes/MacAPPs/Applications/Xcode.app/Contents/Developer/Platforms/MacOSX.platform/Developer/usr/bin/swift-plugin-server\#ObservationMacros -load-resolved-plugin /Volumes/MacAPPs/Applications/Xcode.app/Contents/Developer/Platforms/MacOSX.platform/Developer/usr/lib/swift/host/plugins/libPreviewsMacros.dylib\#/Volumes/MacAPPs/Applications/Xcode.app/Contents/Developer/Platforms/MacOSX.platform/Developer/usr/bin/swift-plugin-server\#PreviewsMacros -load-resolved-plugin /Volumes/MacAPPs/Applications/Xcode.app/Contents/Developer/Platforms/MacOSX.platform/Developer/usr/lib/swift/host/plugins/libSwiftDataMacros.dylib\#/Volumes/MacAPPs/Applications/Xcode.app/Contents/Developer/Platforms/MacOSX.platform/Developer/usr/bin/swift-plugin-server\#SwiftDataMacros -load-resolved-plugin /Volumes/MacAPPs/Applications/Xcode.app/Contents/Developer/Platforms/MacOSX.platform/Developer/usr/lib/swift/host/plugins/libSwiftMacros.dylib\#/Volumes/MacAPPs/Applications/Xcode.app/Contents/Developer/Platforms/MacOSX.platform/Developer/usr/bin/swift-plugin-server\#SwiftMacros -load-resolved-plugin /Volumes/MacAPPs/Applications/Xcode.app/Contents/Developer/Platforms/MacOSX.platform/Developer/usr/lib/swift/host/plugins/libSwiftUIMacros.dylib\#/Volumes/MacAPPs/Applications/Xcode.app/Contents/Developer/Platforms/MacOSX.platform/Developer/usr/bin/swift-plugin-server\#SwiftUIMacros -disable-implicit-swift-modules -Xcc -fno-implicit-modules -Xcc -fno-implicit-module-maps -explicit-swift-module-map-file /Users/lawliet/Library/Developer/Xcode/DerivedData/OVEREND-cndwckokhthjmcbkmovocplyeztc/Build/Intermediates.noindex/OVEREND.build/Debug/OVEREND.build/Objects-normal/arm64/OVEREND-dependencies-1.json -Xllvm -aarch64-use-tbi -enable-objc-interop -stack-check -sdk /Volumes/MacAPPs/Applications/Xcode.app/Contents/Developer/Platforms/MacOSX.platform/Developer/SDKs/MacOSX26.2.sdk -I /Users/lawliet/Library/Developer/Xcode/DerivedData/OVEREND-cndwckokhthjmcbkmovocplyeztc/Build/Products/Debug -F /Users/lawliet/Library/Developer/Xcode/DerivedData/OVEREND-cndwckokhthjmcbkmovocplyeztc/Build/Products/Debug -no-color-diagnostics -Xcc -fno-color-diagnostics -enable-testing -g -debug-info-format\=dwarf -dwarf-version\=5 -module-cache-path /Users/lawliet/Library/Developer/Xcode/DerivedData/OVEREND-cndwckokhthjmcbkmovocplyeztc/Build/Intermediates.noindex/SwiftExplicitPrecompiledModules -profile-generate -profile-coverage-mapping -swift-version 5 -enforce-exclusivity\=checked -Onone -D DEBUG -serialize-debugging-options -const-gather-protocols-file /Users/lawliet/Library/Developer/Xcode/DerivedData/OVEREND-cndwckokhthjmcbkmovocplyeztc/Build/Intermediates.noindex/OVEREND.build/Debug/OVEREND.build/Objects-normal/arm64/OVEREND_const_extract_protocols.json -enable-upcoming-feature DisableOutwardActorInference -enable-upcoming-feature InferSendableFromCaptures -enable-upcoming-feature GlobalActorIsolatedTypesUsability -enable-upcoming-feature MemberImportVisibility -enable-upcoming-feature InferIsolatedConformances -enable-upcoming-feature NonisolatedNonsendingByDefault -enable-experimental-feature DebugDescriptionMacro -enable-bare-slash-regex -default-isolation\=MainActor -empty-abi-descriptor -validate-clang-modules-once -clang-build-session-file /Users/lawliet/Library/Developer/Xcode/DerivedData/ModuleCache.noindex/Session.modulevalidation -Xcc -working-directory -Xcc /Users/lawliet/OVEREND -enable-anonymous-context-mangled-names -file-compilation-dir /Users/lawliet/OVEREND -Xcc -D_LIBCPP_HARDENING_MODE\=_LIBCPP_HARDENING_MODE_DEBUG -Xcc -ivfsstatcache -Xcc /Users/lawliet/Library/Developer/Xcode/DerivedData/SDKStatCaches.noindex/macosx26.2-25C57-830dddbfbccebdd7c0a1e2a9282ec48d.sdkstatcache -Xcc -I/Users/lawliet/Library/Developer/Xcode/DerivedData/OVEREND-cndwckokhthjmcbkmovocplyeztc/Build/Intermediates.noindex/OVEREND.build/Debug/OVEREND.build/swift-overrides.hmap -Xcc -iquote -Xcc /Users/lawliet/Library/Developer/Xcode/DerivedData/OVEREND-cndwckokhthjmcbkmovocplyeztc/Build/Intermediates.noindex/OVEREND.build/Debug/OVEREND.build/OVEREND-generated-files.hmap -Xcc -I/Users/lawliet/Library/Developer/Xcode/DerivedData/OVEREND-cndwckokhthjmcbkmovocplyeztc/Build/Intermediates.noindex/OVEREND.build/Debug/OVEREND.build/OVEREND-own-target-headers.hmap -Xcc -I/Users/lawliet/Library/Developer/Xcode/DerivedData/OVEREND-cndwckokhthjmcbkmovocplyeztc/Build/Intermediates.noindex/OVEREND.build/Debug/OVEREND.build/OVEREND-all-target-headers.hmap -Xcc -iquote -Xcc /Users/lawliet/Library/Developer/Xcode/DerivedData/OVEREND-cndwckokhthjmcbkmovocplyeztc/Build/Intermediates.noindex/OVEREND.build/Debug/OVEREND.build/OVEREND-project-headers.hmap -Xcc -I/Users/lawliet/Library/Developer/Xcode/DerivedData/OVEREND-cndwckokhthjmcbkmovocplyeztc/Build/Products/Debug/include -Xcc -I/Users/lawliet/Library/Developer/Xcode/DerivedData/OVEREND-cndwckokhthjmcbkmovocplyeztc/Build/Intermediates.noindex/OVEREND.build/Debug/OVEREND.build/DerivedSources-normal/arm64 -Xcc -I/Users/lawliet/Library/Developer/Xcode/DerivedData/OVEREND-cndwckokhthjmcbkmovocplyeztc/Build/Intermediates.noindex/OVEREND.build/Debug/OVEREND.build/DerivedSources/arm64 -Xcc -I/Users/lawliet/Library/Developer/Xcode/DerivedData/OVEREND-cndwckokhthjmcbkmovocplyeztc/Build/Intermediates.noindex/OVEREND.build/Debug/OVEREND.build/DerivedSources -Xcc -DDEBUG\=1 -no-auto-bridging-header-chaining -module-name OVEREND -frontend-parseable-output -disable-clang-spi -target-sdk-version 26.2 -target-sdk-name macosx26.2 -clang-target arm64-apple-macos26.2 -in-process-plugin-server-path /Volumes/MacAPPs/Applications/Xcode.app/Contents/Developer/Toolchains/XcodeDefault.xctoolchain/usr/lib/swift/host/libSwiftInProcPluginServer.dylib -o /Users/lawliet/Library/Developer/Xcode/DerivedData/OVEREND-cndwckokhthjmcbkmovocplyeztc/Build/Intermediates.noindex/OVEREND.build/Debug/OVEREND.build/Objects-normal/arm64/DraftsListView.o -index-unit-output-path /OVEREND.build/Debug/OVEREND.build/Objects-normal/arm64/DraftsListView.o -index-store-path /Users/lawliet/Library/Developer/Xcode/DerivedData/OVEREND-cndwckokhthjmcbkmovocplyeztc/Index.noindex/DataStore -index-system-modules

SwiftCompile normal arm64 /Users/lawliet/OVEREND/OVEREND/Views/Drafts/DraftsListView.swift (in target 'OVEREND' from project 'OVEREND')
    cd /Users/lawliet/OVEREND
    
/Users/lawliet/OVEREND/OVEREND/Views/Drafts/DraftsListView.swift:32:37: error: cannot convert value of type 'Binding<Subject>' to expected argument type 'Font'
                        .font(theme.fontTitle2)
                                    ^
/Users/lawliet/OVEREND/OVEREND/Views/Drafts/DraftsListView.swift:32:37: error: value of type 'AppTheme' has no dynamic member 'fontTitle2' using key path from root type 'AppTheme'
                        .font(theme.fontTitle2)
                              ~~~~~ ^~~~~~~~~~
/Users/lawliet/OVEREND/OVEREND/Views/Drafts/DraftsListView.swift:32:31: error: referencing subscript 'subscript(dynamicMember:)' requires wrapper 'EnvironmentObject<AppTheme>.Wrapper'
                        .font(theme.fontTitle2)
                              ^
                              $
/Users/lawliet/OVEREND/OVEREND/Views/Drafts/DraftsListView.swift:113:16: error: value of type 'Document' has no member 'content'
        newDoc.content = ""
        ~~~~~~ ^~~~~~~

SwiftCompile normal arm64 Compiling\ ModernEntryDetailView.swift /Users/lawliet/OVEREND/OVEREND/Views/EntryDetail/ModernEntryDetailView.swift (in target 'OVEREND' from project 'OVEREND')
SwiftCompile normal arm64 /Users/lawliet/OVEREND/OVEREND/Views/EntryDetail/ModernEntryDetailView.swift (in target 'OVEREND' from project 'OVEREND')
    cd /Users/lawliet/OVEREND
    

SwiftEmitModule normal arm64 Emitting\ module\ for\ OVEREND (in target 'OVEREND' from project 'OVEREND')
EmitSwiftModule normal arm64 (in target 'OVEREND' from project 'OVEREND')
    cd /Users/lawliet/OVEREND
    

SwiftCompile normal arm64 Compiling\ NewSidebarView.swift /Users/lawliet/OVEREND/OVEREND/Views/Sidebar/NewSidebarView.swift (in target 'OVEREND' from project 'OVEREND')

SwiftCompile normal arm64 /Users/lawliet/OVEREND/OVEREND/Views/Sidebar/NewSidebarView.swift (in target 'OVEREND' from project 'OVEREND')
    cd /Users/lawliet/OVEREND
    

SwiftCompile normal arm64 Compiling\ NewContentView.swift /Users/lawliet/OVEREND/OVEREND/Views/NewContentView.swift (in target 'OVEREND' from project 'OVEREND')
SwiftCompile normal arm64 /Users/lawliet/OVEREND/OVEREND/Views/NewContentView.swift (in target 'OVEREND' from project 'OVEREND')
    cd /Users/lawliet/OVEREND
    

** BUILD FAILED **


The following build commands failed:
	SwiftCompile normal arm64 Compiling\ DraftsListView.swift /Users/lawliet/OVEREND/OVEREND/Views/Drafts/DraftsListView.swift (in target 'OVEREND' from project 'OVEREND')
	SwiftCompile normal arm64 /Users/lawliet/OVEREND/OVEREND/Views/Drafts/DraftsListView.swift (in target 'OVEREND' from project 'OVEREND')
	Building project OVEREND with scheme OVEREND
(3 failures)
